{"time":"2024-09-18T00:32:00.956001257+03:00","level":"INFO","msg":"starting ","env":"prod","addr":":0","log_file_path":"zuzu.log"}
{"time":"2024-09-18T00:32:00.962854769+03:00","level":"INFO","msg":"grpc server started","addr":"[::]:34961"}
{"time":"2024-09-18T00:47:29.2762591+03:00","level":"INFO","msg":"Gracefully stopped"}
{"time":"2024-09-18T00:47:30.494069006+03:00","level":"INFO","msg":"starting ","env":"prod","addr":":0","log_file_path":"zuzu.log"}
{"time":"2024-09-18T00:47:30.500181188+03:00","level":"INFO","msg":"grpc server started","addr":"[::]:35591"}
{"time":"2024-09-18T00:47:48.572290883+03:00","level":"ERROR","msg":"failed in uc.SignUp","op":"grpc.(*GrpcAuthHandler).SignUp","error":"Key: 'SignUpPayload.Login' Error:Field validation for 'Login' failed on the 'min' tag\nKey: 'SignUpPayload.Phone' Error:Field validation for 'Phone' failed on the 'e164' tag\nKey: 'SignUpPayload.Password' Error:Field validation for 'Password' failed on the 'min' tag"}
{"time":"2024-09-18T00:50:29.812366053+03:00","level":"INFO","msg":"got profile","op":"grpc.(*GrpcAuthHandler).SignUp","op":"grpc.(*GrpcAuthHandler).SignUp","profile":"b49d0106-0937-427f-bf57-e44591453f35"}
{"time":"2024-09-18T00:53:24.687690437+03:00","level":"ERROR","msg":"failed in uc.SignIn","op":"grpc.(*GrpcAuthHandler).SignUp","op":"grpc.(*GrpcAuthHandler).SignUp","op":"grpc.(*GrpcAuthHandler).SignIn","error":"password does not match"}
{"time":"2024-09-18T00:53:51.263881154+03:00","level":"ERROR","msg":"failed in uc.SignIn","op":"grpc.(*GrpcAuthHandler).SignUp","op":"grpc.(*GrpcAuthHandler).SignUp","op":"grpc.(*GrpcAuthHandler).SignIn","op":"grpc.(*GrpcAuthHandler).SignIn","error":"password does not match"}
{"time":"2024-09-18T00:53:57.311631604+03:00","level":"INFO","msg":"got profile","op":"grpc.(*GrpcAuthHandler).SignUp","op":"grpc.(*GrpcAuthHandler).SignUp","op":"grpc.(*GrpcAuthHandler).SignIn","op":"grpc.(*GrpcAuthHandler).SignIn","op":"grpc.(*GrpcAuthHandler).SignIn","profile":"b49d0106-0937-427f-bf57-e44591453f35"}
{"time":"2024-09-18T12:06:47.28032685+03:00","level":"INFO","msg":"starting ","env":"prod","addr":":0","log_file_path":"zuzu.log"}
{"time":"2024-09-18T12:06:47.281765686+03:00","level":"ERROR","msg":"fail open postgres","error":"failed to connect to `host=0.0.0.0 user=goirk database=postgres`: dial error (dial tcp 0.0.0.0:5432: connect: connection refused)"}
{"time":"2024-09-18T12:15:05.775972299+03:00","level":"INFO","msg":"starting ","env":"prod","addr":":0","log_file_path":"zuzu.log"}
{"time":"2024-09-18T12:15:05.803789944+03:00","level":"INFO","msg":"grpc server started","addr":"[::]:46783"}
{"time":"2024-09-18T12:38:08.43103377+03:00","level":"INFO","msg":"got profile","op":"grpc.(*GrpcAuthHandler).SignIn","profile":"b49d0106-0937-427f-bf57-e44591453f35"}
{"time":"2024-09-18T12:38:28.398487877+03:00","level":"ERROR","msg":"failed in uc.SignUp","op":"grpc.(*GrpcAuthHandler).SignIn","op":"grpc.(*GrpcAuthHandler).SignUp","error":"error happened in repo.CreateProfile: error happened in db.Exec: ERROR: duplicate key value violates unique constraint \"profile_login_key\" (SQLSTATE 23505)"}
{"time":"2024-09-18T12:39:00.510842278+03:00","level":"ERROR","msg":"failed in uc.SignUp","op":"grpc.(*GrpcAuthHandler).SignIn","op":"grpc.(*GrpcAuthHandler).SignUp","op":"grpc.(*GrpcAuthHandler).SignUp","error":"error happened in repo.CreateProfile: error happened in db.Exec: ERROR: duplicate key value violates unique constraint \"profile_login_key\" (SQLSTATE 23505)"}
{"time":"2024-09-18T12:39:36.936350318+03:00","level":"ERROR","msg":"failed to get uuid from string","op":"grpc.(*GrpcAuthHandler).SignIn","op":"grpc.(*GrpcAuthHandler).SignUp","op":"grpc.(*GrpcAuthHandler).SignUp","op":"grpc.(*GrpcAuthHandler).CheckAuth","error":"uuid: incorrect UUID length: 3"}
{"time":"2024-09-18T12:41:51.148437827+03:00","level":"INFO","msg":"got profile","op":"grpc.(*GrpcAuthHandler).SignIn","op":"grpc.(*GrpcAuthHandler).SignUp","op":"grpc.(*GrpcAuthHandler).SignUp","op":"grpc.(*GrpcAuthHandler).CheckAuth","op":"grpc.(*GrpcAuthHandler).SignIn","profile":"b49d0106-0937-427f-bf57-e44591453f35"}
{"time":"2024-09-18T12:41:56.960281975+03:00","level":"ERROR","msg":"failed in uc.SignUp","op":"grpc.(*GrpcAuthHandler).SignIn","op":"grpc.(*GrpcAuthHandler).SignUp","op":"grpc.(*GrpcAuthHandler).SignUp","op":"grpc.(*GrpcAuthHandler).CheckAuth","op":"grpc.(*GrpcAuthHandler).SignIn","op":"grpc.(*GrpcAuthHandler).SignUp","error":"error happened in repo.CreateProfile: error happened in db.Exec: ERROR: duplicate key value violates unique constraint \"profile_login_key\" (SQLSTATE 23505)"}
{"time":"2024-09-18T12:42:00.021129718+03:00","level":"INFO","msg":"got profile","op":"grpc.(*GrpcAuthHandler).SignIn","op":"grpc.(*GrpcAuthHandler).SignUp","op":"grpc.(*GrpcAuthHandler).SignUp","op":"grpc.(*GrpcAuthHandler).CheckAuth","op":"grpc.(*GrpcAuthHandler).SignIn","op":"grpc.(*GrpcAuthHandler).SignUp","op":"grpc.(*GrpcAuthHandler).SignIn","profile":"b49d0106-0937-427f-bf57-e44591453f35"}
{"time":"2024-09-18T12:42:22.417255958+03:00","level":"INFO","msg":"got profile","op":"grpc.(*GrpcAuthHandler).SignIn","op":"grpc.(*GrpcAuthHandler).SignUp","op":"grpc.(*GrpcAuthHandler).SignUp","op":"grpc.(*GrpcAuthHandler).CheckAuth","op":"grpc.(*GrpcAuthHandler).SignIn","op":"grpc.(*GrpcAuthHandler).SignUp","op":"grpc.(*GrpcAuthHandler).SignIn","op":"grpc.(*GrpcAuthHandler).SignIn","profile":"b49d0106-0937-427f-bf57-e44591453f35"}
{"time":"2024-09-18T12:42:48.332106063+03:00","level":"INFO","msg":"got profile","op":"grpc.(*GrpcAuthHandler).SignIn","op":"grpc.(*GrpcAuthHandler).SignUp","op":"grpc.(*GrpcAuthHandler).SignUp","op":"grpc.(*GrpcAuthHandler).CheckAuth","op":"grpc.(*GrpcAuthHandler).SignIn","op":"grpc.(*GrpcAuthHandler).SignUp","op":"grpc.(*GrpcAuthHandler).SignIn","op":"grpc.(*GrpcAuthHandler).SignIn","op":"grpc.(*GrpcAuthHandler).CheckAuth","profile":"b49d0106-0937-427f-bf57-e44591453f35"}
{"time":"2024-09-18T13:04:08.406868856+03:00","level":"INFO","msg":"got profile","op":"grpc.(*GrpcAuthHandler).SignIn","op":"grpc.(*GrpcAuthHandler).SignUp","op":"grpc.(*GrpcAuthHandler).SignUp","op":"grpc.(*GrpcAuthHandler).CheckAuth","op":"grpc.(*GrpcAuthHandler).SignIn","op":"grpc.(*GrpcAuthHandler).SignUp","op":"grpc.(*GrpcAuthHandler).SignIn","op":"grpc.(*GrpcAuthHandler).SignIn","op":"grpc.(*GrpcAuthHandler).CheckAuth","op":"grpc.(*GrpcAuthHandler).CheckAuth","profile":"b49d0106-0937-427f-bf57-e44591453f35"}
{"time":"2024-09-18T13:04:18.13974614+03:00","level":"INFO","msg":"got profile","op":"grpc.(*GrpcAuthHandler).SignIn","op":"grpc.(*GrpcAuthHandler).SignUp","op":"grpc.(*GrpcAuthHandler).SignUp","op":"grpc.(*GrpcAuthHandler).CheckAuth","op":"grpc.(*GrpcAuthHandler).SignIn","op":"grpc.(*GrpcAuthHandler).SignUp","op":"grpc.(*GrpcAuthHandler).SignIn","op":"grpc.(*GrpcAuthHandler).SignIn","op":"grpc.(*GrpcAuthHandler).CheckAuth","op":"grpc.(*GrpcAuthHandler).CheckAuth","op":"grpc.(*GrpcAuthHandler).SignIn","profile":"b49d0106-0937-427f-bf57-e44591453f35"}
{"time":"2024-09-18T22:35:05.508126042+03:00","level":"INFO","msg":"starting zuzu-main","env":"prod","addr":"0.0.0.0:8096","log_file_path":"zuzu.log","photos_file_path":"photos/"}
{"time":"2024-09-18T22:35:05.517118888+03:00","level":"INFO","msg":"server started"}
{"time":"2024-09-18T23:04:09.772113033+03:00","level":"INFO","msg":"server stopping..."}
{"time":"2024-09-18T23:04:09.772375352+03:00","level":"ERROR","msg":"listen and serve returned err: ","error":"http: Server closed"}
{"time":"2024-09-18T23:04:09.772434364+03:00","level":"INFO","msg":"server stopped"}
